{"E:\\Study_work\\PM\\presentationMaker\\src\\Entity\\Image.ts": {"path":"E:\\Study_work\\PM\\presentationMaker\\src\\Entity\\Image.ts","statementMap":{"0":{"start":{"line":3,"column":21},"end":{"line":5,"column":null}},"1":{"start":{"line":8,"column":1},"end":{"line":8,"column":6}}},"fnMap":{},"branchMap":{},"s":{"0":3,"1":3},"f":{},"b":{}}
,"E:\\Study_work\\PM\\presentationMaker\\src\\Entity\\Presentation.ts": {"path":"E:\\Study_work\\PM\\presentationMaker\\src\\Entity\\Presentation.ts","statementMap":{"0":{"start":{"line":1,"column":0},"end":{"line":1,"column":31}},"1":{"start":{"line":4,"column":35},"end":{"line":10,"column":null}},"2":{"start":{"line":133,"column":1},"end":{"line":133,"column":13}},"3":{"start":{"line":13,"column":1},"end":{"line":17,"column":null}},"4":{"start":{"line":134,"column":1},"end":{"line":134,"column":11}},"5":{"start":{"line":23,"column":29},"end":{"line":28,"column":null}},"6":{"start":{"line":29,"column":13},"end":{"line":29,"column":50}},"7":{"start":{"line":30,"column":1},"end":{"line":30,"column":null}},"8":{"start":{"line":31,"column":18},"end":{"line":31,"column":75}},"9":{"start":{"line":32,"column":1},"end":{"line":32,"column":null}},"10":{"start":{"line":34,"column":1},"end":{"line":39,"column":null}},"11":{"start":{"line":141,"column":1},"end":{"line":141,"column":9}},"12":{"start":{"line":44,"column":20},"end":{"line":44,"column":38}},"13":{"start":{"line":45,"column":11},"end":{"line":45,"column":48}},"14":{"start":{"line":46,"column":16},"end":{"line":46,"column":58}},"15":{"start":{"line":47,"column":19},"end":{"line":47,"column":47}},"16":{"start":{"line":49,"column":1},"end":{"line":55,"column":null}},"17":{"start":{"line":49,"column":14},"end":{"line":49,"column":15}},"18":{"start":{"line":50,"column":2},"end":{"line":54,"column":null}},"19":{"start":{"line":52,"column":3},"end":{"line":52,"column":null}},"20":{"start":{"line":53,"column":3},"end":{"line":53,"column":8}},"21":{"start":{"line":56,"column":1},"end":{"line":62,"column":null}},"22":{"start":{"line":56,"column":14},"end":{"line":56,"column":27}},"23":{"start":{"line":57,"column":2},"end":{"line":61,"column":null}},"24":{"start":{"line":59,"column":3},"end":{"line":59,"column":null}},"25":{"start":{"line":60,"column":3},"end":{"line":60,"column":8}},"26":{"start":{"line":63,"column":1},"end":{"line":63,"column":null}},"27":{"start":{"line":63,"column":35},"end":{"line":63,"column":82}},"28":{"start":{"line":64,"column":1},"end":{"line":64,"column":null}},"29":{"start":{"line":64,"column":45},"end":{"line":64,"column":86}},"30":{"start":{"line":65,"column":1},"end":{"line":65,"column":null}},"31":{"start":{"line":66,"column":1},"end":{"line":73,"column":null}},"32":{"start":{"line":140,"column":1},"end":{"line":140,"column":13}},"33":{"start":{"line":78,"column":1},"end":{"line":80,"column":null}},"34":{"start":{"line":138,"column":1},"end":{"line":138,"column":10}},"35":{"start":{"line":84,"column":13},"end":{"line":84,"column":50}},"36":{"start":{"line":85,"column":1},"end":{"line":85,"column":null}},"37":{"start":{"line":85,"column":29},"end":{"line":85,"column":66}},"38":{"start":{"line":139,"column":1},"end":{"line":139,"column":20}},"39":{"start":{"line":88,"column":21},"end":{"line":88,"column":49}},"40":{"start":{"line":89,"column":13},"end":{"line":89,"column":50}},"41":{"start":{"line":90,"column":18},"end":{"line":90,"column":60}},"42":{"start":{"line":91,"column":23},"end":{"line":91,"column":50}},"43":{"start":{"line":92,"column":26},"end":{"line":92,"column":99}},"44":{"start":{"line":92,"column":58},"end":{"line":92,"column":99}},"45":{"start":{"line":93,"column":27},"end":{"line":93,"column":100}},"46":{"start":{"line":93,"column":59},"end":{"line":93,"column":100}},"47":{"start":{"line":95,"column":1},"end":{"line":100,"column":null}},"48":{"start":{"line":96,"column":2},"end":{"line":99,"column":null}},"49":{"start":{"line":98,"column":3},"end":{"line":98,"column":null}},"50":{"start":{"line":101,"column":19},"end":{"line":101,"column":61}},"51":{"start":{"line":102,"column":20},"end":{"line":102,"column":59}},"52":{"start":{"line":103,"column":21},"end":{"line":103,"column":74}},"53":{"start":{"line":105,"column":1},"end":{"line":109,"column":null}},"54":{"start":{"line":137,"column":1},"end":{"line":137,"column":11}},"55":{"start":{"line":114,"column":21},"end":{"line":114,"column":49}},"56":{"start":{"line":115,"column":1},"end":{"line":115,"column":null}},"57":{"start":{"line":116,"column":1},"end":{"line":118,"column":null}},"58":{"start":{"line":136,"column":1},"end":{"line":136,"column":13}},"59":{"start":{"line":122,"column":1},"end":{"line":124,"column":null}},"60":{"start":{"line":135,"column":1},"end":{"line":135,"column":13}},"61":{"start":{"line":129,"column":1},"end":{"line":129,"column":null}}},"fnMap":{"0":{"name":"changeName","decl":{"start":{"line":12,"column":9},"end":{"line":12,"column":19}},"loc":{"start":{"line":12,"column":49},"end":{"line":20,"column":1}}},"1":{"name":"addSlide","decl":{"start":{"line":22,"column":9},"end":{"line":22,"column":17}},"loc":{"start":{"line":22,"column":30},"end":{"line":42,"column":1}}},"2":{"name":"deleteSlides","decl":{"start":{"line":43,"column":9},"end":{"line":43,"column":21}},"loc":{"start":{"line":43,"column":34},"end":{"line":76,"column":1}}},"3":{"name":"(anonymous_6)","decl":{"start":{"line":63,"column":24},"end":{"line":63,"column":25}},"loc":{"start":{"line":63,"column":30},"end":{"line":63,"column":36}}},"4":{"name":"(anonymous_7)","decl":{"start":{"line":64,"column":34},"end":{"line":64,"column":41}},"loc":{"start":{"line":64,"column":41},"end":{"line":64,"column":46}}},"5":{"name":"goToSlide","decl":{"start":{"line":77,"column":9},"end":{"line":77,"column":18}},"loc":{"start":{"line":77,"column":48},"end":{"line":82,"column":1}}},"6":{"name":"getCurrentSlideInfo","decl":{"start":{"line":83,"column":9},"end":{"line":83,"column":28}},"loc":{"start":{"line":83,"column":41},"end":{"line":86,"column":1}}},"7":{"name":"(anonymous_10)","decl":{"start":{"line":85,"column":20},"end":{"line":85,"column":25}},"loc":{"start":{"line":85,"column":25},"end":{"line":85,"column":34}}},"8":{"name":"moveSlides","decl":{"start":{"line":87,"column":9},"end":{"line":87,"column":19}},"loc":{"start":{"line":87,"column":53},"end":{"line":112,"column":1}}},"9":{"name":"(anonymous_12)","decl":{"start":{"line":92,"column":45},"end":{"line":92,"column":46}},"loc":{"start":{"line":92,"column":53},"end":{"line":92,"column":59}}},"10":{"name":"(anonymous_13)","decl":{"start":{"line":93,"column":46},"end":{"line":93,"column":47}},"loc":{"start":{"line":93,"column":54},"end":{"line":93,"column":60}}},"11":{"name":"(anonymous_14)","decl":{"start":{"line":95,"column":27},"end":{"line":95,"column":28}},"loc":{"start":{"line":95,"column":42},"end":{"line":100,"column":2}}},"12":{"name":"selectSlides","decl":{"start":{"line":113,"column":9},"end":{"line":113,"column":21}},"loc":{"start":{"line":113,"column":51},"end":{"line":120,"column":1}}},"13":{"name":"deleteSelect","decl":{"start":{"line":121,"column":9},"end":{"line":121,"column":21}},"loc":{"start":{"line":121,"column":34},"end":{"line":126,"column":1}}},"14":{"name":"generateSlideId","decl":{"start":{"line":128,"column":9},"end":{"line":128,"column":24}},"loc":{"start":{"line":128,"column":24},"end":{"line":130,"column":1}}}},"branchMap":{"0":{"loc":{"start":{"line":50,"column":2},"end":{"line":54,"column":null}},"type":"if","locations":[{"start":{"line":50,"column":2},"end":{"line":54,"column":null}},{"start":{"line":50,"column":2},"end":{"line":54,"column":null}}]},"1":{"loc":{"start":{"line":57,"column":2},"end":{"line":61,"column":null}},"type":"if","locations":[{"start":{"line":57,"column":2},"end":{"line":61,"column":null}},{"start":{"line":57,"column":2},"end":{"line":61,"column":null}}]},"2":{"loc":{"start":{"line":96,"column":2},"end":{"line":99,"column":null}},"type":"if","locations":[{"start":{"line":96,"column":2},"end":{"line":99,"column":null}},{"start":{"line":96,"column":2},"end":{"line":99,"column":null}}]}},"s":{"0":2,"1":2,"2":2,"3":1,"4":2,"5":0,"6":0,"7":0,"8":0,"9":0,"10":0,"11":2,"12":1,"13":1,"14":1,"15":1,"16":1,"17":1,"18":2,"19":1,"20":1,"21":1,"22":1,"23":2,"24":0,"25":0,"26":1,"27":3,"28":1,"29":3,"30":1,"31":1,"32":2,"33":1,"34":2,"35":1,"36":1,"37":2,"38":2,"39":2,"40":2,"41":2,"42":2,"43":2,"44":10,"45":2,"46":10,"47":2,"48":6,"49":2,"50":2,"51":2,"52":2,"53":2,"54":2,"55":1,"56":1,"57":1,"58":2,"59":1,"60":2,"61":0},"f":{"0":1,"1":0,"2":1,"3":3,"4":3,"5":1,"6":1,"7":2,"8":2,"9":10,"10":10,"11":6,"12":1,"13":1,"14":0},"b":{"0":[1,1],"1":[0,2],"2":[2,4]}}
,"E:\\Study_work\\PM\\presentationMaker\\src\\Entity\\Shape.ts": {"path":"E:\\Study_work\\PM\\presentationMaker\\src\\Entity\\Shape.ts","statementMap":{"0":{"start":{"line":3,"column":21},"end":{"line":7,"column":null}},"1":{"start":{"line":37,"column":1},"end":{"line":37,"column":6}},"2":{"start":{"line":10,"column":13},"end":{"line":10,"column":50}},"3":{"start":{"line":11,"column":12},"end":{"line":11,"column":78}},"4":{"start":{"line":11,"column":40},"end":{"line":11,"column":77}},"5":{"start":{"line":12,"column":15},"end":{"line":12,"column":37}},"6":{"start":{"line":13,"column":14},"end":{"line":13,"column":100}},"7":{"start":{"line":13,"column":46},"end":{"line":13,"column":99}},"8":{"start":{"line":14,"column":18},"end":{"line":14,"column":45}},"9":{"start":{"line":15,"column":1},"end":{"line":18,"column":null}},"10":{"start":{"line":16,"column":2},"end":{"line":16,"column":null}},"11":{"start":{"line":17,"column":2},"end":{"line":17,"column":null}},"12":{"start":{"line":19,"column":1},"end":{"line":19,"column":null}},"13":{"start":{"line":20,"column":1},"end":{"line":20,"column":null}},"14":{"start":{"line":20,"column":40},"end":{"line":20,"column":93}},"15":{"start":{"line":21,"column":1},"end":{"line":21,"column":null}},"16":{"start":{"line":22,"column":1},"end":{"line":22,"column":null}},"17":{"start":{"line":22,"column":34},"end":{"line":22,"column":71}},"18":{"start":{"line":23,"column":1},"end":{"line":27,"column":null}},"19":{"start":{"line":38,"column":1},"end":{"line":38,"column":9}},"20":{"start":{"line":33,"column":1},"end":{"line":33,"column":null}}},"fnMap":{"0":{"name":"setColor","decl":{"start":{"line":9,"column":9},"end":{"line":9,"column":17}},"loc":{"start":{"line":9,"column":56},"end":{"line":30,"column":1}}},"1":{"name":"(anonymous_4)","decl":{"start":{"line":11,"column":31},"end":{"line":11,"column":36}},"loc":{"start":{"line":11,"column":36},"end":{"line":11,"column":45}}},"2":{"name":"(anonymous_5)","decl":{"start":{"line":13,"column":35},"end":{"line":13,"column":42}},"loc":{"start":{"line":13,"column":42},"end":{"line":13,"column":53}}},"3":{"name":"(anonymous_6)","decl":{"start":{"line":20,"column":29},"end":{"line":20,"column":36}},"loc":{"start":{"line":20,"column":36},"end":{"line":20,"column":47}}},"4":{"name":"(anonymous_7)","decl":{"start":{"line":22,"column":25},"end":{"line":22,"column":30}},"loc":{"start":{"line":22,"column":30},"end":{"line":22,"column":39}}},"5":{"name":"isShape","decl":{"start":{"line":32,"column":9},"end":{"line":32,"column":16}},"loc":{"start":{"line":32,"column":33},"end":{"line":34,"column":1}}}},"branchMap":{"0":{"loc":{"start":{"line":15,"column":1},"end":{"line":18,"column":null}},"type":"if","locations":[{"start":{"line":15,"column":1},"end":{"line":18,"column":null}},{"start":{"line":15,"column":1},"end":{"line":18,"column":null}}]},"1":{"loc":{"start":{"line":33,"column":8},"end":{"line":33,"column":43}},"type":"binary-expr","locations":[{"start":{"line":33,"column":8},"end":{"line":33,"column":43}},{"start":{"line":33,"column":47},"end":{"line":33,"column":82}},{"start":{"line":33,"column":86},"end":{"line":33,"column":123}}]}},"s":{"0":4,"1":4,"2":1,"3":1,"4":1,"5":1,"6":1,"7":1,"8":1,"9":1,"10":1,"11":1,"12":1,"13":1,"14":1,"15":1,"16":1,"17":1,"18":1,"19":4,"20":1},"f":{"0":1,"1":1,"2":1,"3":1,"4":1,"5":1},"b":{"0":[1,0],"1":[1,1,1]}}
,"E:\\Study_work\\PM\\presentationMaker\\src\\Entity\\Slide.ts": {"path":"E:\\Study_work\\PM\\presentationMaker\\src\\Entity\\Slide.ts","statementMap":{"0":{"start":{"line":1,"column":0},"end":{"line":1,"column":31}},"1":{"start":{"line":2,"column":0},"end":{"line":2,"column":31}},"2":{"start":{"line":3,"column":0},"end":{"line":3,"column":50}},"3":{"start":{"line":4,"column":0},"end":{"line":4,"column":35}},"4":{"start":{"line":7,"column":21},"end":{"line":40,"column":null}},"5":{"start":{"line":182,"column":1},"end":{"line":182,"column":6}},"6":{"start":{"line":43,"column":13},"end":{"line":43,"column":50}},"7":{"start":{"line":44,"column":12},"end":{"line":44,"column":78}},"8":{"start":{"line":44,"column":40},"end":{"line":44,"column":77}},"9":{"start":{"line":45,"column":15},"end":{"line":45,"column":37}},"10":{"start":{"line":46,"column":20},"end":{"line":46,"column":47}},"11":{"start":{"line":47,"column":36},"end":{"line":57,"column":null}},"12":{"start":{"line":58,"column":1},"end":{"line":58,"column":null}},"13":{"start":{"line":59,"column":1},"end":{"line":59,"column":null}},"14":{"start":{"line":60,"column":1},"end":{"line":60,"column":null}},"15":{"start":{"line":61,"column":1},"end":{"line":61,"column":null}},"16":{"start":{"line":62,"column":1},"end":{"line":62,"column":null}},"17":{"start":{"line":62,"column":34},"end":{"line":62,"column":71}},"18":{"start":{"line":63,"column":1},"end":{"line":67,"column":null}},"19":{"start":{"line":183,"column":1},"end":{"line":183,"column":9}},"20":{"start":{"line":72,"column":13},"end":{"line":72,"column":50}},"21":{"start":{"line":73,"column":12},"end":{"line":73,"column":78}},"22":{"start":{"line":73,"column":40},"end":{"line":73,"column":77}},"23":{"start":{"line":74,"column":15},"end":{"line":74,"column":37}},"24":{"start":{"line":75,"column":20},"end":{"line":75,"column":47}},"25":{"start":{"line":76,"column":38},"end":{"line":92,"column":null}},"26":{"start":{"line":93,"column":1},"end":{"line":93,"column":null}},"27":{"start":{"line":94,"column":1},"end":{"line":94,"column":null}},"28":{"start":{"line":95,"column":1},"end":{"line":95,"column":null}},"29":{"start":{"line":96,"column":1},"end":{"line":96,"column":null}},"30":{"start":{"line":97,"column":1},"end":{"line":97,"column":null}},"31":{"start":{"line":97,"column":34},"end":{"line":97,"column":71}},"32":{"start":{"line":98,"column":1},"end":{"line":102,"column":null}},"33":{"start":{"line":184,"column":1},"end":{"line":184,"column":11}},"34":{"start":{"line":107,"column":13},"end":{"line":107,"column":50}},"35":{"start":{"line":108,"column":12},"end":{"line":108,"column":78}},"36":{"start":{"line":108,"column":40},"end":{"line":108,"column":77}},"37":{"start":{"line":109,"column":15},"end":{"line":109,"column":37}},"38":{"start":{"line":110,"column":20},"end":{"line":110,"column":47}},"39":{"start":{"line":111,"column":36},"end":{"line":123,"column":null}},"40":{"start":{"line":124,"column":1},"end":{"line":124,"column":null}},"41":{"start":{"line":125,"column":1},"end":{"line":125,"column":null}},"42":{"start":{"line":126,"column":1},"end":{"line":126,"column":null}},"43":{"start":{"line":127,"column":1},"end":{"line":127,"column":null}},"44":{"start":{"line":128,"column":1},"end":{"line":128,"column":null}},"45":{"start":{"line":128,"column":34},"end":{"line":128,"column":71}},"46":{"start":{"line":129,"column":1},"end":{"line":133,"column":null}},"47":{"start":{"line":185,"column":1},"end":{"line":185,"column":9}},"48":{"start":{"line":138,"column":26},"end":{"line":138,"column":61}},"49":{"start":{"line":139,"column":13},"end":{"line":139,"column":50}},"50":{"start":{"line":140,"column":12},"end":{"line":140,"column":78}},"51":{"start":{"line":140,"column":40},"end":{"line":140,"column":77}},"52":{"start":{"line":141,"column":18},"end":{"line":141,"column":45}},"53":{"start":{"line":142,"column":13},"end":{"line":142,"column":35}},"54":{"start":{"line":144,"column":1},"end":{"line":148,"column":null}},"55":{"start":{"line":145,"column":20},"end":{"line":145,"column":37}},"56":{"start":{"line":146,"column":21},"end":{"line":146,"column":68}},"57":{"start":{"line":147,"column":2},"end":{"line":147,"column":null}},"58":{"start":{"line":149,"column":1},"end":{"line":152,"column":null}},"59":{"start":{"line":150,"column":21},"end":{"line":150,"column":68}},"60":{"start":{"line":151,"column":2},"end":{"line":151,"column":null}},"61":{"start":{"line":153,"column":1},"end":{"line":153,"column":null}},"62":{"start":{"line":155,"column":1},"end":{"line":155,"column":null}},"63":{"start":{"line":156,"column":1},"end":{"line":156,"column":null}},"64":{"start":{"line":157,"column":1},"end":{"line":157,"column":null}},"65":{"start":{"line":157,"column":34},"end":{"line":157,"column":71}},"66":{"start":{"line":158,"column":1},"end":{"line":163,"column":null}},"67":{"start":{"line":186,"column":1},"end":{"line":186,"column":15}},"68":{"start":{"line":168,"column":13},"end":{"line":168,"column":50}},"69":{"start":{"line":169,"column":12},"end":{"line":169,"column":78}},"70":{"start":{"line":169,"column":40},"end":{"line":169,"column":77}},"71":{"start":{"line":170,"column":1},"end":{"line":170,"column":null}},"72":{"start":{"line":171,"column":1},"end":{"line":171,"column":null}},"73":{"start":{"line":171,"column":34},"end":{"line":171,"column":71}},"74":{"start":{"line":172,"column":1},"end":{"line":176,"column":null}},"75":{"start":{"line":187,"column":1},"end":{"line":187,"column":13}}},"fnMap":{"0":{"name":"AddImage","decl":{"start":{"line":42,"column":9},"end":{"line":42,"column":17}},"loc":{"start":{"line":42,"column":48},"end":{"line":70,"column":1}}},"1":{"name":"(anonymous_4)","decl":{"start":{"line":44,"column":31},"end":{"line":44,"column":36}},"loc":{"start":{"line":44,"column":36},"end":{"line":44,"column":45}}},"2":{"name":"(anonymous_5)","decl":{"start":{"line":62,"column":25},"end":{"line":62,"column":30}},"loc":{"start":{"line":62,"column":30},"end":{"line":62,"column":39}}},"3":{"name":"AddTextBox","decl":{"start":{"line":71,"column":9},"end":{"line":71,"column":19}},"loc":{"start":{"line":71,"column":32},"end":{"line":105,"column":1}}},"4":{"name":"(anonymous_7)","decl":{"start":{"line":73,"column":31},"end":{"line":73,"column":36}},"loc":{"start":{"line":73,"column":36},"end":{"line":73,"column":45}}},"5":{"name":"(anonymous_8)","decl":{"start":{"line":97,"column":25},"end":{"line":97,"column":30}},"loc":{"start":{"line":97,"column":30},"end":{"line":97,"column":39}}},"6":{"name":"AddShape","decl":{"start":{"line":106,"column":9},"end":{"line":106,"column":17}},"loc":{"start":{"line":106,"column":47},"end":{"line":136,"column":1}}},"7":{"name":"(anonymous_10)","decl":{"start":{"line":108,"column":31},"end":{"line":108,"column":36}},"loc":{"start":{"line":108,"column":36},"end":{"line":108,"column":45}}},"8":{"name":"(anonymous_11)","decl":{"start":{"line":128,"column":25},"end":{"line":128,"column":30}},"loc":{"start":{"line":128,"column":30},"end":{"line":128,"column":39}}},"9":{"name":"DeleteElements","decl":{"start":{"line":137,"column":9},"end":{"line":137,"column":23}},"loc":{"start":{"line":137,"column":36},"end":{"line":166,"column":1}}},"10":{"name":"(anonymous_13)","decl":{"start":{"line":140,"column":31},"end":{"line":140,"column":36}},"loc":{"start":{"line":140,"column":36},"end":{"line":140,"column":45}}},"11":{"name":"(anonymous_14)","decl":{"start":{"line":144,"column":28},"end":{"line":144,"column":29}},"loc":{"start":{"line":144,"column":36},"end":{"line":148,"column":2}}},"12":{"name":"(anonymous_15)","decl":{"start":{"line":149,"column":38},"end":{"line":149,"column":47}},"loc":{"start":{"line":149,"column":47},"end":{"line":152,"column":2}}},"13":{"name":"(anonymous_16)","decl":{"start":{"line":157,"column":25},"end":{"line":157,"column":30}},"loc":{"start":{"line":157,"column":30},"end":{"line":157,"column":39}}},"14":{"name":"SetBackgroud","decl":{"start":{"line":167,"column":9},"end":{"line":167,"column":21}},"loc":{"start":{"line":167,"column":65},"end":{"line":179,"column":1}}},"15":{"name":"(anonymous_18)","decl":{"start":{"line":169,"column":31},"end":{"line":169,"column":36}},"loc":{"start":{"line":169,"column":36},"end":{"line":169,"column":45}}},"16":{"name":"(anonymous_19)","decl":{"start":{"line":171,"column":25},"end":{"line":171,"column":30}},"loc":{"start":{"line":171,"column":30},"end":{"line":171,"column":39}}}},"branchMap":{},"s":{"0":3,"1":3,"2":3,"3":3,"4":3,"5":3,"6":0,"7":0,"8":0,"9":0,"10":0,"11":0,"12":0,"13":0,"14":0,"15":0,"16":0,"17":0,"18":0,"19":3,"20":0,"21":0,"22":0,"23":0,"24":0,"25":0,"26":0,"27":0,"28":0,"29":0,"30":0,"31":0,"32":0,"33":3,"34":0,"35":0,"36":0,"37":0,"38":0,"39":0,"40":0,"41":0,"42":0,"43":0,"44":0,"45":0,"46":0,"47":3,"48":1,"49":1,"50":1,"51":1,"52":1,"53":1,"54":1,"55":2,"56":2,"57":2,"58":1,"59":2,"60":2,"61":1,"62":1,"63":1,"64":1,"65":1,"66":1,"67":3,"68":1,"69":1,"70":1,"71":1,"72":1,"73":1,"74":1,"75":3},"f":{"0":0,"1":0,"2":0,"3":0,"4":0,"5":0,"6":0,"7":0,"8":0,"9":1,"10":1,"11":2,"12":2,"13":1,"14":1,"15":1,"16":1},"b":{}}
,"E:\\Study_work\\PM\\presentationMaker\\src\\Entity\\SlideElement.ts": {"path":"E:\\Study_work\\PM\\presentationMaker\\src\\Entity\\SlideElement.ts","statementMap":{"0":{"start":{"line":1,"column":0},"end":{"line":1,"column":35}},"1":{"start":{"line":4,"column":21},"end":{"line":12,"column":null}},"2":{"start":{"line":72,"column":1},"end":{"line":72,"column":13}},"3":{"start":{"line":15,"column":13},"end":{"line":15,"column":50}},"4":{"start":{"line":16,"column":12},"end":{"line":16,"column":78}},"5":{"start":{"line":16,"column":40},"end":{"line":16,"column":77}},"6":{"start":{"line":17,"column":15},"end":{"line":17,"column":37}},"7":{"start":{"line":18,"column":14},"end":{"line":18,"column":79}},"8":{"start":{"line":18,"column":46},"end":{"line":18,"column":78}},"9":{"start":{"line":19,"column":1},"end":{"line":19,"column":null}},"10":{"start":{"line":20,"column":1},"end":{"line":20,"column":null}},"11":{"start":{"line":21,"column":1},"end":{"line":21,"column":null}},"12":{"start":{"line":21,"column":40},"end":{"line":21,"column":72}},"13":{"start":{"line":22,"column":1},"end":{"line":22,"column":null}},"14":{"start":{"line":23,"column":1},"end":{"line":23,"column":null}},"15":{"start":{"line":23,"column":34},"end":{"line":23,"column":71}},"16":{"start":{"line":24,"column":1},"end":{"line":28,"column":null}},"17":{"start":{"line":76,"column":1},"end":{"line":76,"column":12}},"18":{"start":{"line":33,"column":13},"end":{"line":33,"column":50}},"19":{"start":{"line":34,"column":12},"end":{"line":34,"column":78}},"20":{"start":{"line":34,"column":40},"end":{"line":34,"column":77}},"21":{"start":{"line":35,"column":15},"end":{"line":35,"column":37}},"22":{"start":{"line":36,"column":14},"end":{"line":36,"column":100}},"23":{"start":{"line":36,"column":46},"end":{"line":36,"column":99}},"24":{"start":{"line":37,"column":1},"end":{"line":37,"column":null}},"25":{"start":{"line":38,"column":1},"end":{"line":38,"column":null}},"26":{"start":{"line":39,"column":1},"end":{"line":39,"column":null}},"27":{"start":{"line":39,"column":40},"end":{"line":39,"column":93}},"28":{"start":{"line":40,"column":1},"end":{"line":40,"column":null}},"29":{"start":{"line":41,"column":1},"end":{"line":41,"column":null}},"30":{"start":{"line":41,"column":34},"end":{"line":41,"column":71}},"31":{"start":{"line":42,"column":1},"end":{"line":46,"column":null}},"32":{"start":{"line":75,"column":1},"end":{"line":75,"column":14}},"33":{"start":{"line":52,"column":28},"end":{"line":52,"column":63}},"34":{"start":{"line":53,"column":1},"end":{"line":53,"column":null}},"35":{"start":{"line":54,"column":1},"end":{"line":56,"column":null}},"36":{"start":{"line":74,"column":1},"end":{"line":74,"column":14}},"37":{"start":{"line":61,"column":1},"end":{"line":63,"column":null}},"38":{"start":{"line":73,"column":1},"end":{"line":73,"column":13}},"39":{"start":{"line":68,"column":1},"end":{"line":68,"column":null}},"40":{"start":{"line":77,"column":1},"end":{"line":77,"column":18}}},"fnMap":{"0":{"name":"moveElement","decl":{"start":{"line":14,"column":9},"end":{"line":14,"column":20}},"loc":{"start":{"line":14,"column":80},"end":{"line":31,"column":1}}},"1":{"name":"(anonymous_4)","decl":{"start":{"line":16,"column":31},"end":{"line":16,"column":36}},"loc":{"start":{"line":16,"column":36},"end":{"line":16,"column":45}}},"2":{"name":"(anonymous_5)","decl":{"start":{"line":18,"column":35},"end":{"line":18,"column":42}},"loc":{"start":{"line":18,"column":42},"end":{"line":18,"column":53}}},"3":{"name":"(anonymous_6)","decl":{"start":{"line":21,"column":29},"end":{"line":21,"column":36}},"loc":{"start":{"line":21,"column":36},"end":{"line":21,"column":47}}},"4":{"name":"(anonymous_7)","decl":{"start":{"line":23,"column":25},"end":{"line":23,"column":30}},"loc":{"start":{"line":23,"column":30},"end":{"line":23,"column":39}}},"5":{"name":"resizeElement","decl":{"start":{"line":32,"column":9},"end":{"line":32,"column":22}},"loc":{"start":{"line":32,"column":72},"end":{"line":49,"column":1}}},"6":{"name":"(anonymous_9)","decl":{"start":{"line":34,"column":31},"end":{"line":34,"column":36}},"loc":{"start":{"line":34,"column":36},"end":{"line":34,"column":45}}},"7":{"name":"(anonymous_10)","decl":{"start":{"line":36,"column":35},"end":{"line":36,"column":42}},"loc":{"start":{"line":36,"column":42},"end":{"line":36,"column":53}}},"8":{"name":"(anonymous_11)","decl":{"start":{"line":39,"column":29},"end":{"line":39,"column":36}},"loc":{"start":{"line":39,"column":36},"end":{"line":39,"column":47}}},"9":{"name":"(anonymous_12)","decl":{"start":{"line":41,"column":25},"end":{"line":41,"column":30}},"loc":{"start":{"line":41,"column":30},"end":{"line":41,"column":39}}},"10":{"name":"selectElement","decl":{"start":{"line":51,"column":9},"end":{"line":51,"column":22}},"loc":{"start":{"line":51,"column":54},"end":{"line":58,"column":1}}},"11":{"name":"deleteSelect","decl":{"start":{"line":60,"column":9},"end":{"line":60,"column":21}},"loc":{"start":{"line":60,"column":34},"end":{"line":65,"column":1}}},"12":{"name":"generateElementId","decl":{"start":{"line":67,"column":9},"end":{"line":67,"column":26}},"loc":{"start":{"line":67,"column":26},"end":{"line":69,"column":1}}}},"branchMap":{},"s":{"0":4,"1":4,"2":4,"3":1,"4":1,"5":1,"6":1,"7":1,"8":2,"9":1,"10":1,"11":1,"12":2,"13":1,"14":1,"15":1,"16":1,"17":4,"18":1,"19":1,"20":1,"21":1,"22":1,"23":1,"24":1,"25":1,"26":1,"27":1,"28":1,"29":1,"30":1,"31":1,"32":4,"33":1,"34":1,"35":1,"36":4,"37":1,"38":4,"39":0,"40":4},"f":{"0":1,"1":1,"2":2,"3":2,"4":1,"5":1,"6":1,"7":1,"8":1,"9":1,"10":1,"11":1,"12":0},"b":{}}
,"E:\\Study_work\\PM\\presentationMaker\\src\\Entity\\State.ts": {"path":"E:\\Study_work\\PM\\presentationMaker\\src\\Entity\\State.ts","statementMap":{"0":{"start":{"line":1,"column":0},"end":{"line":1,"column":45}},"1":{"start":{"line":5,"column":29},"end":{"line":8,"column":null}},"2":{"start":{"line":57,"column":1},"end":{"line":57,"column":10}},"3":{"start":{"line":10,"column":21},"end":{"line":18,"column":null}},"4":{"start":{"line":50,"column":1},"end":{"line":50,"column":19}},"5":{"start":{"line":51,"column":1},"end":{"line":51,"column":17}},"6":{"start":{"line":23,"column":1},"end":{"line":23,"column":null}},"7":{"start":{"line":52,"column":1},"end":{"line":52,"column":19}},"8":{"start":{"line":26,"column":1},"end":{"line":28,"column":null}},"9":{"start":{"line":53,"column":1},"end":{"line":53,"column":12}},"10":{"start":{"line":34,"column":1},"end":{"line":34,"column":null}},"11":{"start":{"line":54,"column":1},"end":{"line":54,"column":17}},"12":{"start":{"line":38,"column":25},"end":{"line":38,"column":54}},"13":{"start":{"line":39,"column":1},"end":{"line":39,"column":null}},"14":{"start":{"line":41,"column":1},"end":{"line":41,"column":null}},"15":{"start":{"line":55,"column":1},"end":{"line":55,"column":5}},"16":{"start":{"line":44,"column":25},"end":{"line":44,"column":54}},"17":{"start":{"line":46,"column":1},"end":{"line":46,"column":null}},"18":{"start":{"line":56,"column":1},"end":{"line":56,"column":5}}},"fnMap":{"0":{"name":"exportPresentation","decl":{"start":{"line":20,"column":9},"end":{"line":20,"column":27}},"loc":{"start":{"line":20,"column":40},"end":{"line":20,"column":50}}},"1":{"name":"savePresentation","decl":{"start":{"line":21,"column":9},"end":{"line":21,"column":25}},"loc":{"start":{"line":21,"column":38},"end":{"line":21,"column":48}}},"2":{"name":"uploadPresentation","decl":{"start":{"line":22,"column":9},"end":{"line":22,"column":27}},"loc":{"start":{"line":22,"column":44},"end":{"line":24,"column":1}}},"3":{"name":"goToPreview","decl":{"start":{"line":25,"column":9},"end":{"line":25,"column":20}},"loc":{"start":{"line":25,"column":33},"end":{"line":30,"column":1}}},"4":{"name":"saveStateForUndo","decl":{"start":{"line":33,"column":9},"end":{"line":33,"column":25}},"loc":{"start":{"line":33,"column":38},"end":{"line":35,"column":1}}},"5":{"name":"undo","decl":{"start":{"line":37,"column":9},"end":{"line":37,"column":13}},"loc":{"start":{"line":37,"column":13},"end":{"line":42,"column":1}}},"6":{"name":"redo","decl":{"start":{"line":43,"column":9},"end":{"line":43,"column":13}},"loc":{"start":{"line":43,"column":13},"end":{"line":47,"column":1}}}},"branchMap":{},"s":{"0":1,"1":1,"2":1,"3":1,"4":1,"5":1,"6":0,"7":1,"8":0,"9":1,"10":2,"11":1,"12":2,"13":2,"14":2,"15":1,"16":1,"17":1,"18":1},"f":{"0":0,"1":0,"2":0,"3":0,"4":2,"5":2,"6":1},"b":{}}
,"E:\\Study_work\\PM\\presentationMaker\\src\\Entity\\TextBox.ts": {"path":"E:\\Study_work\\PM\\presentationMaker\\src\\Entity\\TextBox.ts","statementMap":{"0":{"start":{"line":3,"column":25},"end":{"line":11,"column":null}},"1":{"start":{"line":61,"column":1},"end":{"line":61,"column":8}},"2":{"start":{"line":14,"column":13},"end":{"line":14,"column":50}},"3":{"start":{"line":15,"column":12},"end":{"line":15,"column":78}},"4":{"start":{"line":15,"column":40},"end":{"line":15,"column":77}},"5":{"start":{"line":16,"column":15},"end":{"line":16,"column":37}},"6":{"start":{"line":17,"column":14},"end":{"line":17,"column":100}},"7":{"start":{"line":17,"column":46},"end":{"line":17,"column":99}},"8":{"start":{"line":18,"column":18},"end":{"line":18,"column":45}},"9":{"start":{"line":19,"column":1},"end":{"line":21,"column":null}},"10":{"start":{"line":20,"column":2},"end":{"line":20,"column":null}},"11":{"start":{"line":22,"column":1},"end":{"line":22,"column":null}},"12":{"start":{"line":23,"column":1},"end":{"line":23,"column":null}},"13":{"start":{"line":23,"column":40},"end":{"line":23,"column":93}},"14":{"start":{"line":24,"column":1},"end":{"line":24,"column":null}},"15":{"start":{"line":25,"column":1},"end":{"line":25,"column":null}},"16":{"start":{"line":25,"column":34},"end":{"line":25,"column":71}},"17":{"start":{"line":26,"column":1},"end":{"line":30,"column":null}},"18":{"start":{"line":62,"column":1},"end":{"line":62,"column":11}},"19":{"start":{"line":35,"column":13},"end":{"line":35,"column":50}},"20":{"start":{"line":36,"column":12},"end":{"line":36,"column":78}},"21":{"start":{"line":36,"column":40},"end":{"line":36,"column":77}},"22":{"start":{"line":37,"column":15},"end":{"line":37,"column":37}},"23":{"start":{"line":38,"column":14},"end":{"line":38,"column":100}},"24":{"start":{"line":38,"column":46},"end":{"line":38,"column":99}},"25":{"start":{"line":39,"column":18},"end":{"line":39,"column":45}},"26":{"start":{"line":40,"column":1},"end":{"line":42,"column":null}},"27":{"start":{"line":41,"column":2},"end":{"line":41,"column":null}},"28":{"start":{"line":43,"column":1},"end":{"line":43,"column":null}},"29":{"start":{"line":44,"column":1},"end":{"line":44,"column":null}},"30":{"start":{"line":44,"column":40},"end":{"line":44,"column":93}},"31":{"start":{"line":45,"column":1},"end":{"line":45,"column":null}},"32":{"start":{"line":46,"column":1},"end":{"line":46,"column":null}},"33":{"start":{"line":46,"column":34},"end":{"line":46,"column":71}},"34":{"start":{"line":47,"column":1},"end":{"line":51,"column":null}},"35":{"start":{"line":63,"column":1},"end":{"line":63,"column":14}},"36":{"start":{"line":57,"column":1},"end":{"line":57,"column":null}}},"fnMap":{"0":{"name":"changeFont","decl":{"start":{"line":13,"column":9},"end":{"line":13,"column":19}},"loc":{"start":{"line":13,"column":51},"end":{"line":33,"column":1}}},"1":{"name":"(anonymous_4)","decl":{"start":{"line":15,"column":31},"end":{"line":15,"column":36}},"loc":{"start":{"line":15,"column":36},"end":{"line":15,"column":45}}},"2":{"name":"(anonymous_5)","decl":{"start":{"line":17,"column":35},"end":{"line":17,"column":42}},"loc":{"start":{"line":17,"column":42},"end":{"line":17,"column":53}}},"3":{"name":"(anonymous_6)","decl":{"start":{"line":23,"column":29},"end":{"line":23,"column":36}},"loc":{"start":{"line":23,"column":36},"end":{"line":23,"column":47}}},"4":{"name":"(anonymous_7)","decl":{"start":{"line":25,"column":25},"end":{"line":25,"column":30}},"loc":{"start":{"line":25,"column":30},"end":{"line":25,"column":39}}},"5":{"name":"updateTextBox","decl":{"start":{"line":34,"column":9},"end":{"line":34,"column":22}},"loc":{"start":{"line":34,"column":49},"end":{"line":54,"column":1}}},"6":{"name":"(anonymous_9)","decl":{"start":{"line":36,"column":31},"end":{"line":36,"column":36}},"loc":{"start":{"line":36,"column":36},"end":{"line":36,"column":45}}},"7":{"name":"(anonymous_10)","decl":{"start":{"line":38,"column":35},"end":{"line":38,"column":42}},"loc":{"start":{"line":38,"column":42},"end":{"line":38,"column":53}}},"8":{"name":"(anonymous_11)","decl":{"start":{"line":44,"column":29},"end":{"line":44,"column":36}},"loc":{"start":{"line":44,"column":36},"end":{"line":44,"column":47}}},"9":{"name":"(anonymous_12)","decl":{"start":{"line":46,"column":25},"end":{"line":46,"column":30}},"loc":{"start":{"line":46,"column":30},"end":{"line":46,"column":39}}},"10":{"name":"isTextBox","decl":{"start":{"line":56,"column":9},"end":{"line":56,"column":18}},"loc":{"start":{"line":56,"column":35},"end":{"line":58,"column":1}}}},"branchMap":{"0":{"loc":{"start":{"line":19,"column":1},"end":{"line":21,"column":null}},"type":"if","locations":[{"start":{"line":19,"column":1},"end":{"line":21,"column":null}},{"start":{"line":19,"column":1},"end":{"line":21,"column":null}}]},"1":{"loc":{"start":{"line":40,"column":1},"end":{"line":42,"column":null}},"type":"if","locations":[{"start":{"line":40,"column":1},"end":{"line":42,"column":null}},{"start":{"line":40,"column":1},"end":{"line":42,"column":null}}]}},"s":{"0":5,"1":5,"2":1,"3":1,"4":1,"5":1,"6":1,"7":1,"8":1,"9":1,"10":1,"11":1,"12":1,"13":1,"14":1,"15":1,"16":1,"17":1,"18":5,"19":1,"20":1,"21":1,"22":1,"23":1,"24":1,"25":1,"26":1,"27":1,"28":1,"29":1,"30":1,"31":1,"32":1,"33":1,"34":1,"35":5,"36":2},"f":{"0":1,"1":1,"2":1,"3":1,"4":1,"5":1,"6":1,"7":1,"8":1,"9":1,"10":2},"b":{"0":[1,0],"1":[1,0]}}
}
