TN:
SF:src\Entity\Image.ts
FNF:0
FNH:0
DA:3,3
DA:8,3
LF:2
LH:2
BRF:0
BRH:0
end_of_record
TN:
SF:src\Entity\Presentation.ts
FN:12,changeName
FN:22,addSlide
FN:43,deleteSlides
FN:63,(anonymous_6)
FN:64,(anonymous_7)
FN:77,goToSlide
FN:83,getCurrentSlideInfo
FN:85,(anonymous_10)
FN:87,moveSlides
FN:92,(anonymous_12)
FN:93,(anonymous_13)
FN:101,(anonymous_14)
FN:121,selectSlides
FN:130,deleteSelect
FN:137,generateSlideId
FNF:15
FNH:13
FNDA:1,changeName
FNDA:0,addSlide
FNDA:1,deleteSlides
FNDA:3,(anonymous_6)
FNDA:3,(anonymous_7)
FNDA:1,goToSlide
FNDA:1,getCurrentSlideInfo
FNDA:2,(anonymous_10)
FNDA:4,moveSlides
FNDA:20,(anonymous_12)
FNDA:20,(anonymous_13)
FNDA:10,(anonymous_14)
FNDA:1,selectSlides
FNDA:1,deleteSelect
FNDA:0,generateSlideId
DA:1,2
DA:4,2
DA:13,1
DA:23,0
DA:29,0
DA:30,0
DA:31,0
DA:32,0
DA:34,0
DA:44,1
DA:45,1
DA:46,1
DA:47,1
DA:49,1
DA:50,2
DA:52,1
DA:53,1
DA:56,1
DA:57,2
DA:59,0
DA:60,0
DA:63,3
DA:64,3
DA:65,1
DA:66,1
DA:78,1
DA:84,1
DA:85,2
DA:88,4
DA:89,4
DA:90,4
DA:91,4
DA:92,20
DA:93,20
DA:95,4
DA:97,1
DA:101,3
DA:102,10
DA:104,3
DA:109,4
DA:110,4
DA:111,4
DA:113,4
DA:122,1
DA:123,1
DA:124,1
DA:131,1
DA:138,0
DA:142,2
DA:143,2
DA:144,2
DA:145,2
DA:146,2
DA:147,2
DA:148,2
DA:149,2
DA:150,2
LF:57
LH:48
BRDA:50,0,0,1
BRDA:50,0,1,1
BRDA:57,1,0,0
BRDA:57,1,1,2
BRDA:95,2,0,1
BRDA:95,2,1,3
BRDA:102,3,0,3
BRDA:102,3,1,7
BRF:8
BRH:7
end_of_record
TN:
SF:src\Entity\Shape.ts
FN:9,setColor
FN:11,(anonymous_4)
FN:13,(anonymous_5)
FN:20,(anonymous_6)
FN:22,(anonymous_7)
FN:32,isShape
FNF:6
FNH:6
FNDA:1,setColor
FNDA:1,(anonymous_4)
FNDA:1,(anonymous_5)
FNDA:1,(anonymous_6)
FNDA:1,(anonymous_7)
FNDA:1,isShape
DA:3,4
DA:10,1
DA:11,1
DA:12,1
DA:13,1
DA:14,1
DA:15,1
DA:16,1
DA:17,1
DA:19,1
DA:20,1
DA:21,1
DA:22,1
DA:23,1
DA:33,1
DA:37,4
DA:38,4
LF:17
LH:17
BRDA:15,0,0,1
BRDA:15,0,1,0
BRDA:33,1,0,1
BRDA:33,1,1,1
BRDA:33,1,2,1
BRF:5
BRH:4
end_of_record
TN:
SF:src\Entity\Slide.ts
FN:42,AddImage
FN:44,(anonymous_4)
FN:62,(anonymous_5)
FN:71,AddTextBox
FN:73,(anonymous_7)
FN:97,(anonymous_8)
FN:106,AddShape
FN:108,(anonymous_10)
FN:128,(anonymous_11)
FN:137,DeleteElements
FN:140,(anonymous_13)
FN:144,(anonymous_14)
FN:149,(anonymous_15)
FN:157,(anonymous_16)
FN:167,SetBackgroud
FN:169,(anonymous_18)
FN:171,(anonymous_19)
FNF:17
FNH:8
FNDA:0,AddImage
FNDA:0,(anonymous_4)
FNDA:0,(anonymous_5)
FNDA:0,AddTextBox
FNDA:0,(anonymous_7)
FNDA:0,(anonymous_8)
FNDA:0,AddShape
FNDA:0,(anonymous_10)
FNDA:0,(anonymous_11)
FNDA:1,DeleteElements
FNDA:1,(anonymous_13)
FNDA:2,(anonymous_14)
FNDA:2,(anonymous_15)
FNDA:1,(anonymous_16)
FNDA:1,SetBackgroud
FNDA:1,(anonymous_18)
FNDA:1,(anonymous_19)
DA:1,3
DA:2,3
DA:3,3
DA:4,3
DA:7,3
DA:43,0
DA:44,0
DA:45,0
DA:46,0
DA:47,0
DA:58,0
DA:59,0
DA:60,0
DA:61,0
DA:62,0
DA:63,0
DA:72,0
DA:73,0
DA:74,0
DA:75,0
DA:76,0
DA:93,0
DA:94,0
DA:95,0
DA:96,0
DA:97,0
DA:98,0
DA:107,0
DA:108,0
DA:109,0
DA:110,0
DA:111,0
DA:124,0
DA:125,0
DA:126,0
DA:127,0
DA:128,0
DA:129,0
DA:138,1
DA:139,1
DA:140,1
DA:141,1
DA:142,1
DA:144,1
DA:145,2
DA:146,2
DA:147,2
DA:149,1
DA:150,2
DA:151,2
DA:153,1
DA:155,1
DA:156,1
DA:157,1
DA:158,1
DA:168,1
DA:169,1
DA:170,1
DA:171,1
DA:172,1
DA:182,3
DA:183,3
DA:184,3
DA:185,3
DA:186,3
DA:187,3
LF:66
LH:33
BRF:0
BRH:0
end_of_record
TN:
SF:src\Entity\SlideElement.ts
FN:14,moveElement
FN:16,(anonymous_4)
FN:18,(anonymous_5)
FN:21,(anonymous_6)
FN:23,(anonymous_7)
FN:32,resizeElement
FN:34,(anonymous_9)
FN:36,(anonymous_10)
FN:39,(anonymous_11)
FN:41,(anonymous_12)
FN:51,selectElement
FN:60,deleteSelect
FN:67,generateElementId
FNF:13
FNH:12
FNDA:1,moveElement
FNDA:1,(anonymous_4)
FNDA:2,(anonymous_5)
FNDA:2,(anonymous_6)
FNDA:1,(anonymous_7)
FNDA:1,resizeElement
FNDA:1,(anonymous_9)
FNDA:1,(anonymous_10)
FNDA:1,(anonymous_11)
FNDA:1,(anonymous_12)
FNDA:1,selectElement
FNDA:1,deleteSelect
FNDA:0,generateElementId
DA:1,4
DA:4,4
DA:15,1
DA:16,1
DA:17,1
DA:18,2
DA:19,1
DA:20,1
DA:21,2
DA:22,1
DA:23,1
DA:24,1
DA:33,1
DA:34,1
DA:35,1
DA:36,1
DA:37,1
DA:38,1
DA:39,1
DA:40,1
DA:41,1
DA:42,1
DA:52,1
DA:53,1
DA:54,1
DA:61,1
DA:68,0
DA:72,4
DA:73,4
DA:74,4
DA:75,4
DA:76,4
DA:77,4
LF:33
LH:32
BRF:0
BRH:0
end_of_record
TN:
SF:src\Entity\State.ts
FN:20,exportPresentation
FN:21,savePresentation
FN:22,uploadPresentation
FN:25,goToPreview
FN:33,saveStateForUndo
FN:37,undo
FN:43,redo
FNF:7
FNH:3
FNDA:0,exportPresentation
FNDA:0,savePresentation
FNDA:0,uploadPresentation
FNDA:0,goToPreview
FNDA:2,saveStateForUndo
FNDA:2,undo
FNDA:1,redo
DA:1,1
DA:5,1
DA:10,1
DA:23,0
DA:26,0
DA:34,2
DA:38,2
DA:39,2
DA:41,2
DA:44,1
DA:46,1
DA:50,1
DA:51,1
DA:52,1
DA:53,1
DA:54,1
DA:55,1
DA:56,1
DA:57,1
LF:19
LH:17
BRF:0
BRH:0
end_of_record
TN:
SF:src\Entity\TextBox.ts
FN:13,changeFont
FN:15,(anonymous_4)
FN:17,(anonymous_5)
FN:23,(anonymous_6)
FN:25,(anonymous_7)
FN:34,updateTextBox
FN:36,(anonymous_9)
FN:38,(anonymous_10)
FN:44,(anonymous_11)
FN:46,(anonymous_12)
FN:56,isTextBox
FNF:11
FNH:11
FNDA:1,changeFont
FNDA:1,(anonymous_4)
FNDA:1,(anonymous_5)
FNDA:1,(anonymous_6)
FNDA:1,(anonymous_7)
FNDA:1,updateTextBox
FNDA:1,(anonymous_9)
FNDA:1,(anonymous_10)
FNDA:1,(anonymous_11)
FNDA:1,(anonymous_12)
FNDA:2,isTextBox
DA:3,5
DA:14,1
DA:15,1
DA:16,1
DA:17,1
DA:18,1
DA:19,1
DA:20,1
DA:22,1
DA:23,1
DA:24,1
DA:25,1
DA:26,1
DA:35,1
DA:36,1
DA:37,1
DA:38,1
DA:39,1
DA:40,1
DA:41,1
DA:43,1
DA:44,1
DA:45,1
DA:46,1
DA:47,1
DA:57,2
DA:61,5
DA:62,5
DA:63,5
LF:29
LH:29
BRDA:19,0,0,1
BRDA:19,0,1,0
BRDA:40,1,0,1
BRDA:40,1,1,0
BRF:4
BRH:2
end_of_record
